<?xml version="1.0" encoding="UTF-8"?>
<testng-results skipped="0" failed="3" ignored="0" total="3" passed="0">
  <reporter-output>
  </reporter-output>
  <suite name="TestNG Regression Test Suite" duration-ms="5995" started-at="2022-05-24T14:02:24Z" finished-at="2022-05-24T14:02:30Z">
    <groups>
    </groups>
    <test name="Register Test for Demo Opencart" duration-ms="5995" started-at="2022-05-24T14:02:24Z" finished-at="2022-05-24T14:02:30Z">
      <class name="mytest.opencartRegisterTest">
        <test-method status="PASS" signature="setup(java.lang.String, java.lang.String)[pri:0, instance:mytest.opencartRegisterTest@52a86356]" name="setup" is-config="true" duration-ms="4094" started-at="2022-05-24T14:02:24Z" description="Launch browser and open application" finished-at="2022-05-24T14:02:28Z">
          <params>
            <param index="0">
              <value>
                <![CDATA[Chrome]]>
              </value>
            </param>
            <param index="1">
              <value>
                <![CDATA[https://www.opencart.com/index.php?route=account/register]]>
              </value>
            </param>
          </params>
          <reporter-output>
          </reporter-output>
        </test-method> <!-- setup -->
        <test-method status="FAIL" signature="registerUserTest(java.lang.String, java.lang.String, java.lang.String, java.lang.String, int, java.lang.String)[pri:0, instance:mytest.opencartRegisterTest@52a86356]" name="registerUserTest" duration-ms="461" started-at="2022-05-24T14:02:28Z" data-provider="getData" finished-at="2022-05-24T14:02:28Z">
          <params>
            <param index="0">
              <value>
                <![CDATA[atamboli]]>
              </value>
            </param>
            <param index="1">
              <value>
                <![CDATA[azoo]]>
              </value>
            </param>
            <param index="2">
              <value>
                <![CDATA[tmbli]]>
              </value>
            </param>
            <param index="3">
              <value>
                <![CDATA[test@test.com]]>
              </value>
            </param>
            <param index="4">
              <value>
                <![CDATA[99]]>
              </value>
            </param>
            <param index="5">
              <value>
                <![CDATA[abc123]]>
              </value>
            </param>
          </params>
          <exception class="java.lang.UnsupportedOperationException">
            <message>
              <![CDATA[You may only deselect options of a multi-select]]>
            </message>
            <full-stacktrace>
              <![CDATA[java.lang.UnsupportedOperationException: You may only deselect options of a multi-select
at org.openqa.selenium.support.ui.Select.deselectByIndex(Select.java:248)
at mytest.opencartRegisterTest.registerUser(opencartRegisterTest.java:43)
at mytest.opencartRegisterTest.registerUserTest(opencartRegisterTest.java:27)
at sun.reflect.NativeMethodAccessorImpl.invoke0(Native Method)
at sun.reflect.NativeMethodAccessorImpl.invoke(NativeMethodAccessorImpl.java:62)
at sun.reflect.DelegatingMethodAccessorImpl.invoke(DelegatingMethodAccessorImpl.java:43)
at java.lang.reflect.Method.invoke(Method.java:498)
at org.testng.internal.MethodInvocationHelper.invokeMethod(MethodInvocationHelper.java:124)
at org.testng.internal.Invoker.invokeMethod(Invoker.java:583)
at org.testng.internal.Invoker.invokeTestMethod(Invoker.java:719)
at org.testng.internal.Invoker.invokeTestMethods(Invoker.java:989)
at org.testng.internal.TestMethodWorker.invokeTestMethods(TestMethodWorker.java:125)
at org.testng.internal.TestMethodWorker.run(TestMethodWorker.java:109)
at org.testng.TestRunner.privateRun(TestRunner.java:648)
at org.testng.TestRunner.run(TestRunner.java:505)
at org.testng.SuiteRunner.runTest(SuiteRunner.java:455)
at org.testng.SuiteRunner.access$000(SuiteRunner.java:40)
at org.testng.SuiteRunner$SuiteWorker.run(SuiteRunner.java:489)
at org.testng.internal.thread.ThreadUtil$1.call(ThreadUtil.java:52)
at java.util.concurrent.FutureTask.run(FutureTask.java:266)
at java.util.concurrent.ThreadPoolExecutor.runWorker(ThreadPoolExecutor.java:1149)
at java.util.concurrent.ThreadPoolExecutor$Worker.run(ThreadPoolExecutor.java:624)
at java.lang.Thread.run(Thread.java:748)
]]>
            </full-stacktrace>
          </exception> <!-- java.lang.UnsupportedOperationException -->
          <reporter-output>
          </reporter-output>
        </test-method> <!-- registerUserTest -->
        <test-method status="FAIL" signature="registerUserTest(java.lang.String, java.lang.String, java.lang.String, java.lang.String, int, java.lang.String)[pri:0, instance:mytest.opencartRegisterTest@52a86356]" name="registerUserTest" duration-ms="349" started-at="2022-05-24T14:02:28Z" data-provider="getData" finished-at="2022-05-24T14:02:29Z">
          <params>
            <param index="0">
              <value>
                <![CDATA[atamboli1]]>
              </value>
            </param>
            <param index="1">
              <value>
                <![CDATA[azoo1]]>
              </value>
            </param>
            <param index="2">
              <value>
                <![CDATA[tmbli1]]>
              </value>
            </param>
            <param index="3">
              <value>
                <![CDATA[test1@test.com]]>
              </value>
            </param>
            <param index="4">
              <value>
                <![CDATA[99]]>
              </value>
            </param>
            <param index="5">
              <value>
                <![CDATA[abd123]]>
              </value>
            </param>
          </params>
          <exception class="java.lang.UnsupportedOperationException">
            <message>
              <![CDATA[You may only deselect options of a multi-select]]>
            </message>
            <full-stacktrace>
              <![CDATA[java.lang.UnsupportedOperationException: You may only deselect options of a multi-select
at org.openqa.selenium.support.ui.Select.deselectByIndex(Select.java:248)
at mytest.opencartRegisterTest.registerUser(opencartRegisterTest.java:43)
at mytest.opencartRegisterTest.registerUserTest(opencartRegisterTest.java:27)
at sun.reflect.NativeMethodAccessorImpl.invoke0(Native Method)
at sun.reflect.NativeMethodAccessorImpl.invoke(NativeMethodAccessorImpl.java:62)
at sun.reflect.DelegatingMethodAccessorImpl.invoke(DelegatingMethodAccessorImpl.java:43)
at java.lang.reflect.Method.invoke(Method.java:498)
at org.testng.internal.MethodInvocationHelper.invokeMethod(MethodInvocationHelper.java:124)
at org.testng.internal.Invoker.invokeMethod(Invoker.java:583)
at org.testng.internal.Invoker.invokeTestMethod(Invoker.java:719)
at org.testng.internal.Invoker.invokeTestMethods(Invoker.java:989)
at org.testng.internal.TestMethodWorker.invokeTestMethods(TestMethodWorker.java:125)
at org.testng.internal.TestMethodWorker.run(TestMethodWorker.java:109)
at org.testng.TestRunner.privateRun(TestRunner.java:648)
at org.testng.TestRunner.run(TestRunner.java:505)
at org.testng.SuiteRunner.runTest(SuiteRunner.java:455)
at org.testng.SuiteRunner.access$000(SuiteRunner.java:40)
at org.testng.SuiteRunner$SuiteWorker.run(SuiteRunner.java:489)
at org.testng.internal.thread.ThreadUtil$1.call(ThreadUtil.java:52)
at java.util.concurrent.FutureTask.run(FutureTask.java:266)
at java.util.concurrent.ThreadPoolExecutor.runWorker(ThreadPoolExecutor.java:1149)
at java.util.concurrent.ThreadPoolExecutor$Worker.run(ThreadPoolExecutor.java:624)
at java.lang.Thread.run(Thread.java:748)
]]>
            </full-stacktrace>
          </exception> <!-- java.lang.UnsupportedOperationException -->
          <reporter-output>
          </reporter-output>
        </test-method> <!-- registerUserTest -->
        <test-method status="FAIL" signature="registerUserTest(java.lang.String, java.lang.String, java.lang.String, java.lang.String, int, java.lang.String)[pri:0, instance:mytest.opencartRegisterTest@52a86356]" name="registerUserTest" duration-ms="393" started-at="2022-05-24T14:02:29Z" data-provider="getData" finished-at="2022-05-24T14:02:29Z">
          <params>
            <param index="0">
              <value>
                <![CDATA[atamboli2]]>
              </value>
            </param>
            <param index="1">
              <value>
                <![CDATA[azoo2]]>
              </value>
            </param>
            <param index="2">
              <value>
                <![CDATA[tmbli2]]>
              </value>
            </param>
            <param index="3">
              <value>
                <![CDATA[test2@test.com]]>
              </value>
            </param>
            <param index="4">
              <value>
                <![CDATA[99]]>
              </value>
            </param>
            <param index="5">
              <value>
                <![CDATA[abe123]]>
              </value>
            </param>
          </params>
          <exception class="java.lang.UnsupportedOperationException">
            <message>
              <![CDATA[You may only deselect options of a multi-select]]>
            </message>
            <full-stacktrace>
              <![CDATA[java.lang.UnsupportedOperationException: You may only deselect options of a multi-select
at org.openqa.selenium.support.ui.Select.deselectByIndex(Select.java:248)
at mytest.opencartRegisterTest.registerUser(opencartRegisterTest.java:43)
at mytest.opencartRegisterTest.registerUserTest(opencartRegisterTest.java:27)
at sun.reflect.NativeMethodAccessorImpl.invoke0(Native Method)
at sun.reflect.NativeMethodAccessorImpl.invoke(NativeMethodAccessorImpl.java:62)
at sun.reflect.DelegatingMethodAccessorImpl.invoke(DelegatingMethodAccessorImpl.java:43)
at java.lang.reflect.Method.invoke(Method.java:498)
at org.testng.internal.MethodInvocationHelper.invokeMethod(MethodInvocationHelper.java:124)
at org.testng.internal.Invoker.invokeMethod(Invoker.java:583)
at org.testng.internal.Invoker.invokeTestMethod(Invoker.java:719)
at org.testng.internal.Invoker.invokeTestMethods(Invoker.java:989)
at org.testng.internal.TestMethodWorker.invokeTestMethods(TestMethodWorker.java:125)
at org.testng.internal.TestMethodWorker.run(TestMethodWorker.java:109)
at org.testng.TestRunner.privateRun(TestRunner.java:648)
at org.testng.TestRunner.run(TestRunner.java:505)
at org.testng.SuiteRunner.runTest(SuiteRunner.java:455)
at org.testng.SuiteRunner.access$000(SuiteRunner.java:40)
at org.testng.SuiteRunner$SuiteWorker.run(SuiteRunner.java:489)
at org.testng.internal.thread.ThreadUtil$1.call(ThreadUtil.java:52)
at java.util.concurrent.FutureTask.run(FutureTask.java:266)
at java.util.concurrent.ThreadPoolExecutor.runWorker(ThreadPoolExecutor.java:1149)
at java.util.concurrent.ThreadPoolExecutor$Worker.run(ThreadPoolExecutor.java:624)
at java.lang.Thread.run(Thread.java:748)
]]>
            </full-stacktrace>
          </exception> <!-- java.lang.UnsupportedOperationException -->
          <reporter-output>
          </reporter-output>
        </test-method> <!-- registerUserTest -->
        <test-method status="PASS" signature="tearDown()[pri:0, instance:mytest.opencartRegisterTest@52a86356]" name="tearDown" is-config="true" duration-ms="653" started-at="2022-05-24T14:02:29Z" description="Closing browser" finished-at="2022-05-24T14:02:30Z">
          <reporter-output>
          </reporter-output>
        </test-method> <!-- tearDown -->
      </class> <!-- mytest.opencartRegisterTest -->
    </test> <!-- Register Test for Demo Opencart -->
  </suite> <!-- TestNG Regression Test Suite -->
</testng-results>
